2025-11-18 11:21:43,534 - __main__ - INFO - ✅ Đã load config từ /home/phanvantai/Documents/four_years/bigdata/hw02/may3_visualization_react/config.json
2025-11-18 11:21:43,534 - __main__ - INFO -    Mode: distributed
2025-11-18 11:21:43,619 - __main__ - INFO - 📋 Cấu hình Kafka: 10.38.11.118:9092
2025-11-18 11:21:43,619 - __main__ - INFO - 📋 Topic: parking-processed-results
2025-11-18 11:21:43,619 - __main__ - INFO - 📋 WebSocket: 0.0.0.0:5000
2025-11-18 11:21:43,621 - __main__ - INFO - Đã khởi động Kafka consumer thread
2025-11-18 11:21:43,622 - __main__ - INFO - 🚀 Khởi động WebSocket server trên http://0.0.0.0:5000
2025-11-18 11:21:43,622 - __main__ - INFO -    Mode: distributed
2025-11-18 11:21:43,622 - kafka.conn - INFO - <BrokerConnection node_id=bootstrap-0 host=10.38.11.118:9092 <connecting> [IPv4 ('10.38.11.118', 9092)]>: connecting to 10.38.11.118:9092 [('10.38.11.118', 9092) IPv4]
2025-11-18 11:21:43,623 - kafka.conn - INFO - Probing node bootstrap-0 broker version
2025-11-18 11:21:43,623 - kafka.conn - INFO - <BrokerConnection node_id=bootstrap-0 host=10.38.11.118:9092 <connecting> [IPv4 ('10.38.11.118', 9092)]>: Connection complete.
2025-11-18 11:21:43,727 - kafka.conn - INFO - Broker version identified as 2.5.0
2025-11-18 11:21:43,727 - kafka.conn - INFO - Set configuration api_version=(2, 5, 0) to skip auto check_version requests on startup
2025-11-18 11:21:43,728 - kafka.consumer.subscription_state - INFO - Updating subscribed topics to: ('parking-processed-results',)
2025-11-18 11:21:43,728 - __main__ - INFO - Đã kết nối đến Kafka: 10.38.11.118:9092, Topic: parking-processed-results
2025-11-18 11:21:43,964 - kafka.conn - INFO - <BrokerConnection node_id=0 host=10.38.11.118:9092 <connecting> [IPv4 ('10.38.11.118', 9092)]>: connecting to 10.38.11.118:9092 [('10.38.11.118', 9092) IPv4]
2025-11-18 11:21:43,965 - kafka.conn - INFO - <BrokerConnection node_id=0 host=10.38.11.118:9092 <connecting> [IPv4 ('10.38.11.118', 9092)]>: Connection complete.
2025-11-18 11:21:43,965 - kafka.conn - INFO - <BrokerConnection node_id=bootstrap-0 host=10.38.11.118:9092 <connected> [IPv4 ('10.38.11.118', 9092)]>: Closing connection. 
2025-11-18 11:21:44,382 - kafka.cluster - INFO - Group coordinator for parking-visualization-websocket is BrokerMetadata(nodeId='coordinator-0', host='10.38.11.118', port=9092, rack=None)
2025-11-18 11:21:44,382 - kafka.coordinator - INFO - Discovered coordinator coordinator-0 for group parking-visualization-websocket
2025-11-18 11:21:44,382 - kafka.coordinator - INFO - Starting new heartbeat thread
2025-11-18 11:21:44,382 - kafka.coordinator.consumer - INFO - Revoking previously assigned partitions set() for group parking-visualization-websocket
2025-11-18 11:21:44,383 - kafka.conn - INFO - <BrokerConnection node_id=coordinator-0 host=10.38.11.118:9092 <connecting> [IPv4 ('10.38.11.118', 9092)]>: connecting to 10.38.11.118:9092 [('10.38.11.118', 9092) IPv4]
2025-11-18 11:21:44,383 - kafka.conn - INFO - <BrokerConnection node_id=coordinator-0 host=10.38.11.118:9092 <connecting> [IPv4 ('10.38.11.118', 9092)]>: Connection complete.
2025-11-18 11:21:44,483 - kafka.coordinator - INFO - (Re-)joining group parking-visualization-websocket
2025-11-18 11:21:44,505 - kafka.coordinator - INFO - Elected group leader -- performing partition assignments using range
2025-11-18 11:21:44,541 - kafka.coordinator - INFO - Successfully joined group parking-visualization-websocket with generation 1
2025-11-18 11:21:44,542 - kafka.consumer.subscription_state - INFO - Updated partition assignment: [TopicPartition(topic='parking-processed-results', partition=0), TopicPartition(topic='parking-processed-results', partition=1), TopicPartition(topic='parking-processed-results', partition=2)]
2025-11-18 11:21:44,542 - kafka.coordinator.consumer - INFO - Setting newly assigned partitions {TopicPartition(topic='parking-processed-results', partition=0), TopicPartition(topic='parking-processed-results', partition=1), TopicPartition(topic='parking-processed-results', partition=2)} for group parking-visualization-websocket
2025-11-18 11:25:12,905 - __main__ - INFO - Xe 29A-11111 vào tại C8
2025-11-18 11:25:18,042 - __main__ - INFO - Xe 92E-54321 vào tại E1
2025-11-18 11:25:40,402 - __main__ - INFO - Xe 79D-20202 vào tại B10
2025-11-18 11:30:54,787 - kafka.coordinator - WARNING - Heartbeat failed for group parking-visualization-websocket because it is rebalancing
2025-11-18 11:30:54,791 - kafka.coordinator.consumer - INFO - Revoking previously assigned partitions {TopicPartition(topic='parking-processed-results', partition=0), TopicPartition(topic='parking-processed-results', partition=1), TopicPartition(topic='parking-processed-results', partition=2)} for group parking-visualization-websocket
2025-11-18 11:30:54,791 - kafka.coordinator - INFO - (Re-)joining group parking-visualization-websocket
2025-11-18 11:30:54,802 - kafka.coordinator - INFO - Elected group leader -- performing partition assignments using range
2025-11-18 11:30:54,807 - kafka.coordinator - INFO - Successfully joined group parking-visualization-websocket with generation 2
2025-11-18 11:30:54,808 - kafka.consumer.subscription_state - INFO - Updated partition assignment: [TopicPartition(topic='parking-processed-results', partition=2)]
2025-11-18 11:30:54,808 - kafka.coordinator.consumer - INFO - Setting newly assigned partitions {TopicPartition(topic='parking-processed-results', partition=2)} for group parking-visualization-websocket
2025-11-18 11:31:42,977 - kafka.coordinator - WARNING - Heartbeat failed for group parking-visualization-websocket because it is rebalancing
2025-11-18 11:31:42,981 - kafka.coordinator.consumer - INFO - Revoking previously assigned partitions {TopicPartition(topic='parking-processed-results', partition=2)} for group parking-visualization-websocket
2025-11-18 11:31:42,982 - kafka.coordinator - INFO - (Re-)joining group parking-visualization-websocket
2025-11-18 11:31:42,988 - kafka.coordinator - INFO - Elected group leader -- performing partition assignments using range
2025-11-18 11:31:42,992 - kafka.coordinator - INFO - Successfully joined group parking-visualization-websocket with generation 3
2025-11-18 11:31:42,993 - kafka.consumer.subscription_state - INFO - Updated partition assignment: [TopicPartition(topic='parking-processed-results', partition=0), TopicPartition(topic='parking-processed-results', partition=1), TopicPartition(topic='parking-processed-results', partition=2)]
2025-11-18 11:31:42,993 - kafka.coordinator.consumer - INFO - Setting newly assigned partitions {TopicPartition(topic='parking-processed-results', partition=0), TopicPartition(topic='parking-processed-results', partition=1), TopicPartition(topic='parking-processed-results', partition=2)} for group parking-visualization-websocket
2025-11-18 11:44:36,621 - __main__ - INFO - Client connected: N-u8tJbJZmXLPxyAAAAB
2025-11-18 11:45:21,624 - __main__ - INFO - Client disconnected: N-u8tJbJZmXLPxyAAAAB
2025-11-18 11:45:23,122 - __main__ - INFO - Client connected: ScNwb6iAmNFJUqjoAAAD
2025-11-18 11:46:08,125 - __main__ - INFO - Client disconnected: ScNwb6iAmNFJUqjoAAAD
2025-11-18 11:46:09,213 - __main__ - INFO - Client connected: Q9aa8cnFgC7z7QyiAAAF
2025-11-18 11:46:54,216 - __main__ - INFO - Client disconnected: Q9aa8cnFgC7z7QyiAAAF
2025-11-18 11:46:55,509 - __main__ - INFO - Client connected: SFLmUVWmVTIznwS9AAAH
2025-11-18 11:47:40,513 - __main__ - INFO - Client disconnected: SFLmUVWmVTIznwS9AAAH
2025-11-18 11:47:41,394 - __main__ - INFO - Client connected: Ct22UkzavN9HvrgDAAAJ
2025-11-18 11:48:26,410 - __main__ - INFO - Client disconnected: Ct22UkzavN9HvrgDAAAJ
2025-11-18 11:48:27,041 - __main__ - INFO - Client connected: vu3INJhnALOSQPTGAAAL
2025-11-18 11:49:12,049 - __main__ - INFO - Client disconnected: vu3INJhnALOSQPTGAAAL
2025-11-18 11:49:13,553 - __main__ - INFO - Client connected: jypuh7n5ynkAUqEAAAAN
2025-11-18 11:49:58,556 - __main__ - INFO - Client disconnected: jypuh7n5ynkAUqEAAAAN
2025-11-18 11:49:59,144 - __main__ - INFO - Client connected: h_k7TTLTuUag9bhwAAAP
2025-11-18 11:50:44,147 - __main__ - INFO - Client disconnected: h_k7TTLTuUag9bhwAAAP
2025-11-18 11:50:45,476 - __main__ - INFO - Client connected: NadmQRbX9YZD5uCSAAAR
2025-11-18 11:51:30,485 - __main__ - INFO - Client disconnected: NadmQRbX9YZD5uCSAAAR
2025-11-18 11:51:31,964 - __main__ - INFO - Client connected: mCFbi4hMqiU8_iSmAAAT
2025-11-18 11:52:16,967 - __main__ - INFO - Client disconnected: mCFbi4hMqiU8_iSmAAAT
2025-11-18 11:52:18,195 - __main__ - INFO - Client connected: fO69_AcniBoZNl9_AAAV
2025-11-18 11:52:54,294 - __main__ - INFO - Client connected: yztA8waZfYj4sWFpAAAX
2025-11-18 11:53:03,197 - __main__ - INFO - Client disconnected: fO69_AcniBoZNl9_AAAV
2025-11-18 11:53:03,406 - __main__ - INFO - Client connected: VcUZVdkfpeIByyPeAAAZ
2025-11-18 11:53:04,120 - __main__ - INFO - Client connected: GxVkw-fwUAjLrIiNAAAb
2025-11-18 11:53:04,494 - __main__ - INFO - Client connected: -idXDzdeaHxVrW-BAAAd
2025-11-18 11:53:04,655 - __main__ - INFO - Client disconnected: -idXDzdeaHxVrW-BAAAd
2025-11-18 11:53:04,723 - __main__ - INFO - Client connected: MJGJcney1pMu9DiOAAAf
2025-11-18 11:53:04,876 - __main__ - INFO - Client disconnected: MJGJcney1pMu9DiOAAAf
2025-11-18 11:53:04,941 - __main__ - INFO - Client connected: zOTnAbA7IjYwcIvrAAAh
2025-11-18 11:53:05,094 - __main__ - INFO - Client disconnected: zOTnAbA7IjYwcIvrAAAh
2025-11-18 11:53:05,159 - __main__ - INFO - Client connected: ZDhGYTMhKMmupQzDAAAj
2025-11-18 11:53:12,653 - __main__ - INFO - Xe 15F-77788 vào tại D4
2025-11-18 11:53:36,748 - __main__ - INFO - Xe 29A-12345 vào tại C4
2025-11-18 11:53:39,297 - __main__ - INFO - Client disconnected: yztA8waZfYj4sWFpAAAX
2025-11-18 11:53:42,265 - __main__ - INFO - Xe 60H-70809 vào tại A10
2025-11-18 11:53:46,637 - __main__ - INFO - Client connected: FYelJg3Zyou97lxBAAAl
2025-11-18 11:53:48,409 - __main__ - INFO - Client disconnected: VcUZVdkfpeIByyPeAAAZ
2025-11-18 11:53:49,123 - __main__ - INFO - Client disconnected: GxVkw-fwUAjLrIiNAAAb
2025-11-18 11:53:50,161 - __main__ - INFO - Client disconnected: ZDhGYTMhKMmupQzDAAAj
2025-11-18 11:53:50,941 - __main__ - INFO - Xe 60H-20406 vào tại A8
2025-11-18 11:54:11,101 - __main__ - INFO - Xe 29A-67890 vào tại F9
2025-11-18 11:54:21,534 - __main__ - INFO - Client connected: lGlMG5tRGFj2G851AAAn
2025-11-18 11:54:22,669 - __main__ - INFO - Client connected: 7QMSDPHD5cOM_e_EAAAp
2025-11-18 11:54:23,566 - __main__ - INFO - Client disconnected: 7QMSDPHD5cOM_e_EAAAp
2025-11-18 11:54:23,636 - __main__ - INFO - Client connected: s9fcJXn5G_rSIOHTAAAr
2025-11-18 11:54:24,710 - __main__ - INFO - Client connected: IwtOhxU29KhTCaeYAAAt
2025-11-18 11:54:25,529 - __main__ - INFO - Client connected: gXKkw3aC9I5YSxZFAAAv
2025-11-18 11:54:26,253 - __main__ - INFO - Client connected: _1VxRNDjreUdXs00AAAx
2025-11-18 11:54:27,153 - __main__ - INFO - Client disconnected: _1VxRNDjreUdXs00AAAx
2025-11-18 11:54:27,175 - __main__ - INFO - Client connected: ilIgYD-eKyXFTS_2AAAz
2025-11-18 11:54:28,194 - __main__ - INFO - Client connected: -sKg-cxGLZBAniU_AAA1
2025-11-18 11:54:29,091 - __main__ - INFO - Client disconnected: -sKg-cxGLZBAniU_AAA1
2025-11-18 11:54:29,125 - __main__ - INFO - Client connected: n3jHR6dGudpqBf96AAA3
2025-11-18 11:54:30,334 - __main__ - INFO - Client connected: 2m4cx56yQsL9f1v2AAA5
2025-11-18 11:54:31,641 - __main__ - INFO - Client disconnected: FYelJg3Zyou97lxBAAAl
2025-11-18 11:55:02,369 - __main__ - INFO - Client connected: 0HAkKAuzCQ3MPq41AAA7
2025-11-18 11:55:06,537 - __main__ - INFO - Client disconnected: lGlMG5tRGFj2G851AAAn
2025-11-18 11:55:08,330 - __main__ - INFO - Client connected: kLO7cXXYNCs7vR4zAAA9
2025-11-18 11:55:08,638 - __main__ - INFO - Client disconnected: s9fcJXn5G_rSIOHTAAAr
2025-11-18 11:55:09,247 - __main__ - INFO - Client disconnected: kLO7cXXYNCs7vR4zAAA9
2025-11-18 11:55:09,274 - __main__ - INFO - Client connected: Xp7-MfWNg9mP2zZDAAA_
2025-11-18 11:55:09,713 - __main__ - INFO - Client disconnected: IwtOhxU29KhTCaeYAAAt
2025-11-18 11:55:10,533 - __main__ - INFO - Client disconnected: gXKkw3aC9I5YSxZFAAAv
2025-11-18 11:55:12,180 - __main__ - INFO - Client disconnected: ilIgYD-eKyXFTS_2AAAz
2025-11-18 11:55:14,128 - __main__ - INFO - Client disconnected: n3jHR6dGudpqBf96AAA3
2025-11-18 11:55:15,337 - __main__ - INFO - Client disconnected: 2m4cx56yQsL9f1v2AAA5
2025-11-18 11:55:47,377 - __main__ - INFO - Client disconnected: 0HAkKAuzCQ3MPq41AAA7
2025-11-18 11:55:54,278 - __main__ - INFO - Client disconnected: Xp7-MfWNg9mP2zZDAAA_
2025-11-18 11:55:55,349 - __main__ - INFO - Client connected: xf_PEhqyoM8poYBcAABB
2025-11-18 11:55:56,616 - __main__ - INFO - Client connected: PJqlVdiST6fuuzfVAABD
2025-11-18 11:55:57,565 - __main__ - INFO - Client disconnected: PJqlVdiST6fuuzfVAABD
2025-11-18 11:55:57,628 - __main__ - INFO - Client connected: gzwr1T3GOEYq9ztRAABF
2025-11-18 11:55:58,278 - __main__ - INFO - Client connected: 5Hj0oddYTFN6xHKwAABH
2025-11-18 11:55:58,535 - __main__ - INFO - Client disconnected: 5Hj0oddYTFN6xHKwAABH
2025-11-18 11:55:58,608 - __main__ - INFO - Client connected: k68-Bxdm02CXtPDqAABJ
2025-11-18 11:55:58,747 - __main__ - INFO - Client disconnected: k68-Bxdm02CXtPDqAABJ
2025-11-18 11:55:58,819 - __main__ - INFO - Client connected: ia1UoYBmJR69bztNAABL
2025-11-18 11:55:58,950 - __main__ - INFO - Client disconnected: ia1UoYBmJR69bztNAABL
2025-11-18 11:55:59,032 - __main__ - INFO - Client connected: A0z-PfWilFU201aKAABN
2025-11-18 11:55:59,248 - __main__ - INFO - Client disconnected: A0z-PfWilFU201aKAABN
2025-11-18 11:55:59,316 - __main__ - INFO - Client connected: nRuEiKtrXgc-va87AABP
2025-11-18 11:56:24,925 - __main__ - INFO - Client connected: Wh6pGtjG7pR4_6jIAABR
2025-11-18 11:56:40,354 - __main__ - INFO - Client disconnected: xf_PEhqyoM8poYBcAABB
2025-11-18 11:56:42,632 - __main__ - INFO - Client disconnected: gzwr1T3GOEYq9ztRAABF
2025-11-18 11:56:44,320 - __main__ - INFO - Client disconnected: nRuEiKtrXgc-va87AABP
2025-11-18 11:56:50,206 - __main__ - INFO - Xe 59D-24680 vào tại B4
